{
  "RSpec": {
    "coverage": {
      "/home/vinibispodev/Documents/Business/moneymanager/packages/backend/lib/json_web_token.rb": {
        "lines": [
          null,
          null,
          1,
          1,
          12,
          null,
          null,
          1,
          11,
          10,
          null,
          null
        ]
      },
      "/home/vinibispodev/Documents/Business/moneymanager/packages/backend/app/controllers/accounts_controller.rb": {
        "lines": [
          null,
          null,
          1,
          1,
          1,
          null,
          null,
          null,
          1,
          1,
          null,
          null,
          null,
          null,
          1,
          null,
          null,
          null,
          1,
          3,
          null,
          3,
          2,
          null,
          1,
          null,
          null,
          null,
          null,
          null,
          1,
          2,
          1,
          null,
          1,
          null,
          null,
          null,
          null,
          null,
          1,
          1,
          null,
          null,
          1,
          null,
          null,
          1,
          6,
          null,
          2,
          2,
          null,
          null,
          null,
          1,
          5,
          null,
          null
        ]
      },
      "/home/vinibispodev/Documents/Business/moneymanager/packages/backend/app/controllers/application_controller.rb": {
        "lines": [
          null,
          null,
          1,
          1,
          null,
          1,
          13,
          2,
          2,
          null,
          10,
          10,
          null,
          1,
          null,
          null,
          1,
          null,
          1,
          24,
          null,
          null,
          1,
          31,
          null,
          null,
          1,
          13,
          null,
          null
        ]
      },
      "/home/vinibispodev/Documents/Business/moneymanager/packages/backend/app/controllers/authentication_controller.rb": {
        "lines": [
          null,
          null,
          1,
          1,
          1,
          5,
          5,
          null,
          null,
          1,
          null,
          1,
          5,
          null,
          null
        ]
      },
      "/home/vinibispodev/Documents/Business/moneymanager/packages/backend/app/controllers/users_controller.rb": {
        "lines": [
          null,
          null,
          1,
          1,
          null,
          null,
          null,
          1,
          2,
          2,
          null,
          null,
          null,
          null,
          1,
          null,
          null,
          null,
          1,
          3,
          null,
          3,
          2,
          null,
          1,
          null,
          null,
          null,
          null,
          null,
          1,
          3,
          2,
          null,
          1,
          null,
          null,
          null,
          null,
          null,
          1,
          2,
          null,
          null,
          1,
          null,
          null,
          1,
          7,
          null,
          1,
          null,
          null,
          null,
          1,
          6,
          null,
          null
        ]
      },
      "/home/vinibispodev/Documents/Business/moneymanager/packages/backend/app/models/account.rb": {
        "lines": [
          null,
          null,
          1,
          29,
          1,
          1,
          1,
          1,
          null
        ]
      },
      "/home/vinibispodev/Documents/Business/moneymanager/packages/backend/app/models/application_record.rb": {
        "lines": [
          null,
          null,
          1,
          1,
          null
        ]
      },
      "/home/vinibispodev/Documents/Business/moneymanager/packages/backend/app/models/user.rb": {
        "lines": [
          null,
          null,
          1,
          93,
          1,
          1,
          null,
          1,
          1,
          1,
          1,
          1,
          null
        ]
      },
      "/home/vinibispodev/Documents/Business/moneymanager/packages/backend/app/services/auth_service.rb": {
        "lines": [
          null,
          null,
          null,
          1,
          1,
          15,
          15,
          null,
          null,
          1,
          15,
          15,
          12,
          12,
          12,
          null,
          3,
          null,
          null,
          null,
          1,
          null,
          1,
          12,
          null,
          null,
          12,
          null,
          null,
          null,
          null
        ]
      },
      "/home/vinibispodev/Documents/Business/moneymanager/packages/backend/app/channels/application_cable/channel.rb": {
        "lines": [
          null,
          null,
          0,
          0,
          0,
          0
        ],
        "branches": {
        }
      },
      "/home/vinibispodev/Documents/Business/moneymanager/packages/backend/app/channels/application_cable/connection.rb": {
        "lines": [
          null,
          null,
          0,
          0,
          0,
          0
        ],
        "branches": {
        }
      },
      "/home/vinibispodev/Documents/Business/moneymanager/packages/backend/app/mailers/application_mailer.rb": {
        "lines": [
          null,
          null,
          0,
          0,
          0,
          0
        ],
        "branches": {
        }
      },
      "/home/vinibispodev/Documents/Business/moneymanager/packages/backend/app/jobs/application_job.rb": {
        "lines": [
          null,
          null,
          0,
          null,
          null,
          null,
          null,
          null,
          0
        ],
        "branches": {
        }
      },
      "/home/vinibispodev/Documents/Business/moneymanager/packages/backend/lib/generators/service/service_generator.rb": {
        "lines": [
          null,
          null,
          null,
          0,
          0,
          0,
          null,
          null,
          0,
          0,
          0,
          0,
          null,
          0,
          null,
          0,
          0,
          0,
          0
        ],
        "branches": {
        }
      }
    },
    "timestamp": 1607015628
  }
}
